<?xml version="1.0" encoding="UTF-8"?>
<testsuite name="[29] org.geojson.model.test;1.0.0.202508041357-SNAPSHOT" tests="10" skipped="0" failures="0" errors="0" time="0.432" hostname="Groundzero" timestamp="2025-08-04T15:57:41">
<properties>
[...]
</properties>
<testcase name="testDBPolygone(ResourceSet)" classname="org.geojson.test.GeoJsonTest" time="0.236">
<system-err><![CDATA[false
]]></system-err>
</testcase>
<testcase name="testRing()" classname="org.geojson.test.GeoJsonTest" time="0.002">
<system-err><![CDATA[Running Test Point
]]></system-err>
</testcase>
<testcase name="feature(ResourceSet)" classname="org.geojson.test.GeoJsonTest" time="0.032">
<system-out><![CDATA[{
  "type" : "Feature",
  "bbox" : [ 52.0, 12.0, 120.0, 52.0, 12.0, 120.0 ],
  "properties" : {
    "type" : "Coordinates",
    "longitude" : 52.0,
    "latitude" : 12.0,
    "elevation" : 120.0
  }
}
]]></system-out>
<system-err><![CDATA[Running Feature Test
Trying to load Feature
false
]]></system-err>
</testcase>
<testcase name="polygon(ResourceSet)" classname="org.geojson.test.GeoJsonTest" time="0.023">
<system-out><![CDATA[{
  "type" : "Polygon",
  "bbox" : [ 52.0, 12.0, 120.0, 52.0, 12.0, 120.0 ],
  "coordinates" : [ [ [ 1.0, 1.0 ], [ 2.0, 2.0 ], [ 3.0, 3.0 ], [ 4.0, 4.0 ], [ 2.0, 5.0 ], [ 6.0, 6.0 ], [ 1.0, 1.0 ] ], [ [ 1.0, 1.0 ], [ 2.0, 2.0 ], [ 3.0, 3.0 ], [ 4.0, 4.0 ], [ 2.0, 5.0 ], [ 6.0, 6.0 ], [ 1.0, 1.0 ] ], [ [ 1.0, 1.0 ], [ 2.0, 2.0 ], [ 3.0, 3.0 ], [ 4.0, 4.0 ], [ 2.0, 5.0 ], [ 6.0, 6.0 ], [ 1.0, 1.0 ] ] ]
}
{
  "type" : "Polygon",
  "bbox" : [ 52.0, 12.0, 120.0, 52.0, 12.0, 120.0 ],
  "coordinates" : [ [ [ 1.0, 1.0 ], [ 2.0, 2.0 ], [ 3.0, 3.0 ], [ 4.0, 4.0 ], [ 2.0, 5.0 ], [ 6.0, 6.0 ], [ 1.0, 1.0 ] ], [ [ 1.0, 1.0 ], [ 2.0, 2.0 ], [ 3.0, 3.0 ], [ 4.0, 4.0 ], [ 2.0, 5.0 ], [ 6.0, 6.0 ], [ 1.0, 1.0 ] ], [ [ 1.0, 1.0 ], [ 2.0, 2.0 ], [ 3.0, 3.0 ], [ 4.0, 4.0 ], [ 2.0, 5.0 ], [ 6.0, 6.0 ], [ 1.0, 1.0 ] ] ]
}
]]></system-out>
<system-err><![CDATA[Running Test Polygon
Trying to load Polygon
false
]]></system-err>
</testcase>
<testcase name="testRingAutoclose()" classname="org.geojson.test.GeoJsonTest" time="0">
<system-err><![CDATA[Running Test Point
]]></system-err>
</testcase>
<testcase name="lineString(ResourceSet)" classname="org.geojson.test.GeoJsonTest" time="0.018">
<system-out><![CDATA[{
  "type" : "LineString",
  "coordinates" : [ [ 52.0, 12.0, 120.0 ], [ 52.0, 12.0, 120.0 ] ]
}
]]></system-out>
<system-err><![CDATA[Running Test
Trying to load LineString
false
org.geojson.impl.CoordinatesImpl@52b7c1d9 (longitude: 52.0, latitude: 12.0, elevation: 120.0)
org.geojson.impl.CoordinatesImpl@451f3f66 (longitude: 52.0, latitude: 12.0, elevation: 120.0)
]]></system-err>
</testcase>
<testcase name="point(ResourceSet)" classname="org.geojson.test.GeoJsonTest" time="0.009">
<system-out><![CDATA[{
  "type" : "Point",
  "coordinates" : [ 52.0, 12.0, 120.0 ]
}
]]></system-out>
<system-err><![CDATA[Running Test Point
Trying to load Point
false
org.geojson.impl.CoordinatesImpl@76876421 (longitude: 52.0, latitude: 12.0, elevation: 120.0)
]]></system-err>
</testcase>
<testcase name="multiPointString(ResourceSet)" classname="org.geojson.test.GeoJsonTest" time="0.008">
<system-out><![CDATA[{
  "type" : "MultiPoint",
  "coordinates" : [ [ 52.0, 12.0, 120.0 ], [ 52.0, 12.0, 120.0 ] ]
}
]]></system-out>
<system-err><![CDATA[Running Test
Trying to load MultiPoint
false
org.geojson.impl.CoordinatesImpl@12d8e6b6 (longitude: 52.0, latitude: 12.0, elevation: 120.0)
org.geojson.impl.CoordinatesImpl@6d911985 (longitude: 52.0, latitude: 12.0, elevation: 120.0)
]]></system-err>
</testcase>
<testcase name="multiLineString(ResourceSet)" classname="org.geojson.test.GeoJsonTest" time="0.009">
<system-out><![CDATA[{
  "type" : "MultiLineString",
  "coordinates" : [ [ [ 52.0, 12.0, 0.0 ], [ 53.0, 11.0, 0.0 ] ], [ [ 52.0, 12.0, 0.0 ], [ 53.0, 11.0, 0.0 ] ] ]
}
]]></system-out>
<system-err><![CDATA[Running Test MultiLineString
Trying to load MultiLineString
false
]]></system-err>
</testcase>
<testcase name="pointWithBoundingBox(ResourceSet)" classname="org.geojson.test.GeoJsonTest" time="0.006">
<system-out><![CDATA[{
  "type" : "Point",
  "bbox" : [ 52.0, 12.0, 120.0, 52.0, 12.0, 120.0 ],
  "coordinates" : [ ]
}
]]></system-out>
<system-err><![CDATA[Running Test Point with BoundingBox
Trying to load Point with BoundingBox
false
org.geojson.impl.CoordinatesImpl@1a5c0b8 (longitude: 52.0, latitude: 12.0, elevation: 120.0)
]]></system-err>
</testcase>
</testsuite>
